1.7216873376745385 1.6457819603772261
1.5762676995112872 1.5168543698975845
1.4622961104598502 1.4180089667048477
1.371984387528581 1.3383137052175835
1.3014505031651262 1.2797795957060598
1.2496112995474904 1.2369912626798627
1.2108844804638197 1.2047770919076168
1.181404880705573 1.1797569831107697
1.1576940950094432 1.1590935451717994
1.1373776976744125 1.1405739261439574
1.118812986642874 1.1234388801781268
1.1014747856010545 1.1071342399037967
1.0849656830787884 1.0916010190041856
1.0696400790793739 1.0771967453044087
1.055442686272228 1.0641218930582497
1.0421879407913737 1.0517044628829462
1.029808440123254 1.040165317685345
1.0182636849577416 1.029033743976496
1.007165418937488 1.018831225794604
0.9967844557006144 1.008815238413242
0.9867904058416712 0.9994508886443555
0.9773038236806567 0.9905130179888958
0.9682412908113711 0.9822860241069123
0.959644345677145 0.9738782458471534
0.9514131545054371 0.9659633261854798
0.9437521511659077 0.9586260310604319
0.9361955879210653 0.9518051045956117
0.9291737602039081 0.9450547720037953
0.922581902295185 0.9387169967679772
0.9160807196284743 0.932590976515967
0.9099730038274141 0.926589679046552
0.9041752196294625 0.9212128181984548
0.8986489129832131 0.9160775901722746
0.8933407696483466 0.9115175518290562
0.8886243200823838 0.9065226169840662
0.8839579247451741 0.9023086625613553
0.8795415149473981 0.8982859712436368
0.8756426522781939 0.8942281884959181
0.8719564973975904 0.8909039694286386
0.8683782300317726 0.8876836122247709
0.8652778488059248 0.8850333419641745
0.8622944101661557 0.882396005168776
0.8594706317346533 0.8797284664323707
0.8567439872648596 0.8774589598329823
0.8542377739632475 0.8750009148657811
0.8519806753629787 0.8733271115783403
0.8497103634618262 0.8712991199320953
0.8475721733925073 0.869062945885253
0.8455035352048326 0.8671721426467984
0.8436496969181221 0.8654633703389775
0.8418008554059474 0.8639192366090399
0.8402768856638636 0.8620885120084517
0.8385293640369171 0.8611721702530661
0.8368785073340685 0.8590987493788721
0.8352734650964292 0.8577853363403952
0.8338857019631546 0.8564278414372362
0.8324354099103416 0.8552209316820688
0.8310498761554276 0.8540801873577606
0.8296377792593653 0.852702112500277
0.8282650014700645 0.8513943431116795
0.8270107985661956 0.8501564394303361
0.8257236640608645 0.8492084497823842
0.8243675859298999 0.8479095559607595
0.8232554577083946 0.847099236243523
0.8221754267883732 0.8456876101543108
0.8209592404970342 0.8446429074686139
0.8198621901996277 0.8442685844482544
0.8188384343871462 0.8427124168418507
0.8175339252717774 0.841943097511887
0.8165799850743338 0.841188021596714
0.8156036146565564 0.839746782058955
0.8144144830106984 0.8388519900485913
0.8136052953912322 0.8378363803048685
0.8125056036980814 0.8369967066255001
0.8113717733314164 0.8364508298921338
0.8106503193148911 0.8354740518770516
0.8097589419302967 0.8344023872044972
0.8087922806709695 0.8337728575048639
0.8079909723918416 0.832659930017941
0.8072427612236961 0.8320248175048983
0.8064196144311144 0.8314280050973039
0.805671789679722 0.8306842985250779
0.804839433272092 0.8296736841892087
0.8041765564231852 0.829112045683526
0.8032951580372294 0.8287691300418429
0.802626391920127 0.8276912678086327
0.8019779638405472 0.8271797409524745
0.8011667732872331 0.82655849944445
0.8004585120331185 0.8267338094819028
0.7999187799362016 0.8258154608053393
0.7991850734284369 0.8249381195628139
0.7984993458237003 0.8240610143718308
0.7978881732536636 0.823587552801404
0.7971884700836787 0.8230165834606098
0.7967391894391269 0.8223201715225218
0.7961142367474179 0.8218960008980136
0.7956555953537227 0.8212471655009064
0.7950276023903682 0.8209500737060301
0.7945377115492714 0.820303437050661
0.7940333705681402 0.8197869418264221
