1.5155325984769081 0.9876738228601912
0.8535591508264674 0.7594606374123393
0.7027160137125144 0.669120992200403
0.636665198167069 0.6218506586232205
0.6009613452752591 0.5940319714276223
0.5805951808896712 0.5807082523700092
0.568598426992045 0.5702611392072293
0.5606655255015105 0.5631830850940738
0.5538781733731937 0.5575822262352761
0.5485977540327468 0.5515832170084458
0.5432526139681699 0.54643793317932
0.5384536991070384 0.541709463141893
0.5336663754337525 0.537001521662313
0.5287194617112125 0.532373190922961
0.5241266378538757 0.5272337032402088
0.5197111693965203 0.5231524233060957
0.5149994083557049 0.518390996860156
0.510687726697237 0.5144787738334261
0.5068588631381613 0.5095777454430025
0.5022040497697027 0.505140717510444
0.497754921557817 0.5017712251772065
0.49393290198227985 0.4980007133223514
0.4897272142119577 0.49383847603100384
0.4855997552060002 0.48892503722814595
0.4815774782756488 0.48617330515382273
0.4779792833847871 0.4808865246058423
0.4739399770042944 0.47670217471787607
0.46980403348392186 0.47312878216079185
0.4660121695110929 0.46911532373142995
0.46213880376672 0.46588165602591786
0.4583303328845954 0.4612864927613348
0.45456770723986495 0.4576805913830245
0.4509088714425099 0.4537965279360008
0.44735117206900793 0.4500261193474238
0.44356467631731256 0.4463629959128255
0.43981695855125824 0.44282357601564115
0.4361967275542036 0.43966276500221707
0.43265485996539954 0.43605147804460676
0.4291043340643399 0.4318861068856349
0.4256179609699193 0.42823927303535575
0.4220021227098823 0.4246873939539333
0.4183966879043532 0.4210822072608947
0.41494089285340474 0.418316375727666
0.4114295249100905 0.4143331893360377
0.40788994230211395 0.4105827458714757
0.4047207193795297 0.40769205794996394
0.4013450817189437 0.403652229299234
0.3977089597648991 0.4002777782030315
0.39431976190951396 0.397056222994818
0.39095534650367825 0.39408793634112604
0.3875844205684439 0.39008802769406536
0.38419087297113036 0.3872162793315804
0.3809410056767466 0.383415812437702
0.37785232923407003 0.38025222768856587
0.374537179439077 0.3768224336076306
0.37113710934259597 0.3735213103600382
0.3678884923906465 0.3707770855825994
0.36462664657030136 0.3673896634203999
0.3614377389105326 0.36423589841939497
0.35824742624810757 0.3606627793314955
0.3550204973723155 0.3575879929408224
0.3519457839932289 0.3545974207493703
0.348824715806876 0.3512283493416602
0.3457801899805728 0.3481174325440983
0.34264240190071515 0.34506832306096324
0.33955513504243406 0.3420166208418343
0.33648383545542476 0.33892259434084726
0.333444862462922 0.33575883435069276
0.3304363613772708 0.3327808645783762
0.3274518986699147 0.3298162639969759
0.3245410681455433 0.32768677287636905
0.32173132434646473 0.32423480046316666
0.31876897879745025 0.3216450034539209
0.31632528695011963 0.3182385880308672
0.3128710211872598 0.3150418546143112
0.3099279380167329 0.3124406156570182
0.3071911180525392 0.3094523193829967
0.3042545927800696 0.3064543933078644
0.3016503023924313 0.3035428826784429
0.29873124076245783 0.30109320417325774
0.29613803091791563 0.2982370971660568
0.2939106653676471 0.2964127667123647
0.29059266067070033 0.2937164972283872
0.2878829205330003 0.29059986234215657
0.2852594498158366 0.28735797403561547
0.2824283949062513 0.2846709475050332
0.2797594152741743 0.28169080481734843
0.27710178692615156 0.2796069046265892
0.2745469392138625 0.2767262235238815
0.2720982298275984 0.2738529382130563
0.26932258701515016 0.2716706501255827
0.26678032946399255 0.26873550481933656
0.26415121457048163 0.2660281417135892
0.2616823635441436 0.2636359711400016
0.2592278204608599 0.2612208549039104
0.2568146185651076 0.25966367473194923
0.2544417079440277 0.2563389813241857
0.25198052750784167 0.2536186153805114
0.24933898029401694 0.251257265083088
0.2470535395071596 0.24872622266787087
